# JRE version: OpenJDK Runtime Environment (11.0.10) (build 11.0.10+0-b96-7249189)
# Java VM: OpenJDK 64-Bit Server VM (11.0.10+0-b96-7249189, mixed mode, tiered, compressed oops, g1 gc, windows-amd64)
Heap:
 garbage-first heap   total 183296K, used 136694K [0x0000000080000000, 0x0000000100000000)
  region size 1024K, 66 young (67584K), 6 survivors (6144K)
 Metaspace       used 74215K, capacity 76249K, committed 76416K, reserved 1116160K
  class space    used 9580K, capacity 10288K, committed 10368K, reserved 1048576K
GC Heap History (20 events):
Event: 1.680 GC heap before
{Heap before GC invocations=3 (full 0):
 garbage-first heap   total 126976K, used 61401K [0x0000000080000000, 0x0000000100000000)
  region size 1024K, 51 young (52224K), 4 survivors (4096K)
 Metaspace       used 18928K, capacity 19288K, committed 19328K, reserved 1067008K
  class space    used 2279K, capacity 2414K, committed 2432K, reserved 1048576K
}
Event: 1.688 GC heap after
{Heap after GC invocations=4 (full 0):
 garbage-first heap   total 126976K, used 16689K [0x0000000080000000, 0x0000000100000000)
  region size 1024K, 7 young (7168K), 7 survivors (7168K)
 Metaspace       used 18928K, capacity 19288K, committed 19328K, reserved 1067008K
  class space    used 2279K, capacity 2414K, committed 2432K, reserved 1048576K
}
Event: 1.781 GC heap before
{Heap before GC invocations=4 (full 0):
 garbage-first heap   total 126976K, used 30001K [0x0000000080000000, 0x0000000100000000)
  region size 1024K, 21 young (21504K), 7 survivors (7168K)
 Metaspace       used 20579K, capacity 21085K, committed 21248K, reserved 1067008K
  class space    used 2512K, capacity 2699K, committed 2816K, reserved 1048576K
}
Event: 1.785 GC heap after
{Heap after GC invocations=5 (full 0):
 garbage-first heap   total 152576K, used 17218K [0x0000000080000000, 0x0000000100000000)
  region size 1024K, 5 young (5120K), 5 survivors (5120K)
 Metaspace       used 20579K, capacity 21085K, committed 21248K, reserved 1067008K
  class space    used 2512K, capacity 2699K, committed 2816K, reserved 1048576K
}
Event: 2.292 GC heap before
{Heap before GC invocations=6 (full 0):
 garbage-first heap   total 152576K, used 86850K [0x0000000080000000, 0x0000000100000000)
  region size 1024K, 64 young (65536K), 5 survivors (5120K)
 Metaspace       used 26545K, capacity 27303K, committed 27392K, reserved 1073152K
  class space    used 3494K, capacity 3773K, committed 3840K, reserved 1048576K
}
Event: 2.297 GC heap after
{Heap after GC invocations=7 (full 0):
 garbage-first heap   total 152576K, used 31852K [0x0000000080000000, 0x0000000100000000)
  region size 1024K, 8 young (8192K), 8 survivors (8192K)
 Metaspace       used 26545K, capacity 27303K, committed 27392K, reserved 1073152K
  class space    used 3494K, capacity 3773K, committed 3840K, reserved 1048576K
}
Event: 2.875 GC heap before
{Heap before GC invocations=7 (full 0):
 garbage-first heap   total 152576K, used 89196K [0x0000000080000000, 0x0000000100000000)
  region size 1024K, 65 young (66560K), 8 survivors (8192K)
 Metaspace       used 34820K, capacity 35727K, committed 35840K, reserved 1081344K
  class space    used 4551K, capacity 4899K, committed 4992K, reserved 1048576K
}
Event: 2.884 GC heap after
{Heap after GC invocations=8 (full 0):
 garbage-first heap   total 152576K, used 35480K [0x0000000080000000, 0x0000000100000000)
  region size 1024K, 9 young (9216K), 9 survivors (9216K)
 Metaspace       used 34820K, capacity 35727K, committed 35840K, reserved 1081344K
  class space    used 4551K, capacity 4899K, committed 4992K, reserved 1048576K
}
Event: 3.434 GC heap before
{Heap before GC invocations=9 (full 0):
 garbage-first heap   total 152576K, used 105112K [0x0000000080000000, 0x0000000100000000)
  region size 1024K, 74 young (75776K), 9 survivors (9216K)
 Metaspace       used 41267K, capacity 42326K, committed 42624K, reserved 1085440K
  class space    used 5299K, capacity 5691K, committed 5760K, reserved 1048576K
}
Event: 3.445 GC heap after
{Heap after GC invocations=10 (full 0):
 garbage-first heap   total 152576K, used 39699K [0x0000000080000000, 0x0000000100000000)
  region size 1024K, 8 young (8192K), 8 survivors (8192K)
 Metaspace       used 41267K, capacity 42326K, committed 42624K, reserved 1085440K
  class space    used 5299K, capacity 5691K, committed 5760K, reserved 1048576K
}
Event: 4.038 GC heap before
{Heap before GC invocations=11 (full 0):
 garbage-first heap   total 152576K, used 115475K [0x0000000080000000, 0x0000000100000000)
  region size 1024K, 74 young (75776K), 8 survivors (8192K)
 Metaspace       used 45627K, capacity 46924K, committed 46976K, reserved 1089536K
  class space    used 5789K, capacity 6233K, committed 6272K, reserved 1048576K
}
Event: 4.049 GC heap after
{Heap after GC invocations=12 (full 0):
 garbage-first heap   total 183296K, used 54102K [0x0000000080000000, 0x0000000100000000)
  region size 1024K, 10 young (10240K), 10 survivors (10240K)
 Metaspace       used 45627K, capacity 46924K, committed 46976K, reserved 1089536K
  class space    used 5789K, capacity 6233K, committed 6272K, reserved 1048576K
}
Event: 4.805 GC heap before
{Heap before GC invocations=12 (full 0):
 garbage-first heap   total 183296K, used 144214K [0x0000000080000000, 0x0000000100000000)
  region size 1024K, 94 young (96256K), 10 survivors (10240K)
 Metaspace       used 50206K, capacity 51755K, committed 52096K, reserved 1093632K
  class space    used 6438K, capacity 6937K, committed 7040K, reserved 1048576K
}
Event: 4.817 GC heap after
{Heap after GC invocations=13 (full 0):
 garbage-first heap   total 183296K, used 67404K [0x0000000080000000, 0x0000000100000000)
  region size 1024K, 9 young (9216K), 9 survivors (9216K)
 Metaspace       used 50206K, capacity 51755K, committed 52096K, reserved 1093632K
  class space    used 6438K, capacity 6937K, committed 7040K, reserved 1048576K
}
Event: 5.619 GC heap before
{Heap before GC invocations=13 (full 0):
 garbage-first heap   total 183296K, used 139084K [0x0000000080000000, 0x0000000100000000)
  region size 1024K, 79 young (80896K), 9 survivors (9216K)
 Metaspace       used 61503K, capacity 63237K, committed 63488K, reserved 1103872K
  class space    used 7781K, capacity 8374K, committed 8448K, reserved 1048576K
}
Event: 5.628 GC heap after
{Heap after GC invocations=14 (full 0):
 garbage-first heap   total 183296K, used 71722K [0x0000000080000000, 0x0000000100000000)
  region size 1024K, 5 young (5120K), 5 survivors (5120K)
 Metaspace       used 61503K, capacity 63237K, committed 63488K, reserved 1103872K
  class space    used 7781K, capacity 8374K, committed 8448K, reserved 1048576K
}
Event: 6.281 GC heap before
{Heap before GC invocations=14 (full 0):
 garbage-first heap   total 183296K, used 142378K [0x0000000080000000, 0x0000000100000000)
  region size 1024K, 74 young (75776K), 5 survivors (5120K)
 Metaspace       used 68571K, capacity 70367K, committed 70656K, reserved 1110016K
  class space    used 8792K, capacity 9417K, committed 9472K, reserved 1048576K
}
Event: 6.289 GC heap after
{Heap after GC invocations=15 (full 0):
 garbage-first heap   total 183296K, used 75694K [0x0000000080000000, 0x0000000100000000)
  region size 1024K, 9 young (9216K), 9 survivors (9216K)
 Metaspace       used 68571K, capacity 70367K, committed 70656K, reserved 1110016K
  class space    used 8792K, capacity 9417K, committed 9472K, reserved 1048576K
}
Event: 6.392 GC heap before
{Heap before GC invocations=15 (full 0):
 garbage-first heap   total 183296K, used 89006K [0x0000000080000000, 0x0000000100000000)
  region size 1024K, 23 young (23552K), 9 survivors (9216K)
 Metaspace       used 69076K, capacity 70853K, committed 71040K, reserved 1110016K
  class space    used 8846K, capacity 9473K, committed 9600K, reserved 1048576K
}
Event: 6.399 GC heap after
{Heap after GC invocations=16 (full 0):
 garbage-first heap   total 183296K, used 76278K [0x0000000080000000, 0x0000000100000000)
  region size 1024K, 6 young (6144K), 6 survivors (6144K)
 Metaspace       used 69076K, capacity 70853K, committed 71040K, reserved 1110016K
  class space    used 8846K, capacity 9473K, committed 9600K, reserved 1048576K
}

