# JRE version: OpenJDK Runtime Environment (11.0.10) (build 11.0.10+0-b96-7249189)
# Java VM: OpenJDK 64-Bit Server VM (11.0.10+0-b96-7249189, mixed mode, tiered, compressed oops, g1 gc, windows-amd64)
Heap:
 garbage-first heap   total 184320K, used 90111K [0x0000000080000000, 0x0000000100000000)
  region size 1024K, 25 young (25600K), 10 survivors (10240K)
 Metaspace       used 66322K, capacity 68074K, committed 68224K, reserved 1107968K
  class space    used 8400K, capacity 9014K, committed 9088K, reserved 1048576K
GC Heap History (20 events):
Event: 0.492 GC heap before
{Heap before GC invocations=1 (full 0):
 garbage-first heap   total 126976K, used 20132K [0x0000000080000000, 0x0000000100000000)
  region size 1024K, 14 young (14336K), 2 survivors (2048K)
 Metaspace       used 9834K, capacity 10050K, committed 10112K, reserved 1058816K
  class space    used 1022K, capacity 1102K, committed 1152K, reserved 1048576K
}
Event: 0.495 GC heap after
{Heap after GC invocations=2 (full 0):
 garbage-first heap   total 126976K, used 9090K [0x0000000080000000, 0x0000000100000000)
  region size 1024K, 2 young (2048K), 2 survivors (2048K)
 Metaspace       used 9834K, capacity 10050K, committed 10112K, reserved 1058816K
  class space    used 1022K, capacity 1102K, committed 1152K, reserved 1048576K
}
Event: 0.776 GC heap before
{Heap before GC invocations=2 (full 0):
 garbage-first heap   total 126976K, used 40834K [0x0000000080000000, 0x0000000100000000)
  region size 1024K, 32 young (32768K), 2 survivors (2048K)
 Metaspace       used 10782K, capacity 11003K, committed 11264K, reserved 1058816K
  class space    used 1125K, capacity 1206K, committed 1280K, reserved 1048576K
}
Event: 0.779 GC heap after
{Heap after GC invocations=3 (full 0):
 garbage-first heap   total 126976K, used 11661K [0x0000000080000000, 0x0000000100000000)
  region size 1024K, 4 young (4096K), 4 survivors (4096K)
 Metaspace       used 10782K, capacity 11003K, committed 11264K, reserved 1058816K
  class space    used 1125K, capacity 1206K, committed 1280K, reserved 1048576K
}
Event: 1.683 GC heap before
{Heap before GC invocations=3 (full 0):
 garbage-first heap   total 126976K, used 74125K [0x0000000080000000, 0x0000000100000000)
  region size 1024K, 66 young (67584K), 4 survivors (4096K)
 Metaspace       used 20573K, capacity 21117K, committed 21248K, reserved 1067008K
  class space    used 2512K, capacity 2731K, committed 2816K, reserved 1048576K
}
Event: 1.690 GC heap after
{Heap after GC invocations=4 (full 0):
 garbage-first heap   total 126976K, used 16477K [0x0000000080000000, 0x0000000100000000)
  region size 1024K, 9 young (9216K), 9 survivors (9216K)
 Metaspace       used 20573K, capacity 21117K, committed 21248K, reserved 1067008K
  class space    used 2512K, capacity 2731K, committed 2816K, reserved 1048576K
}
Event: 2.185 GC heap before
{Heap before GC invocations=5 (full 0):
 garbage-first heap   total 126976K, used 91229K [0x0000000080000000, 0x0000000100000000)
  region size 1024K, 72 young (73728K), 9 survivors (9216K)
 Metaspace       used 26824K, capacity 27594K, committed 27648K, reserved 1073152K
  class space    used 3536K, capacity 3806K, committed 3840K, reserved 1048576K
}
Event: 2.195 GC heap after
{Heap after GC invocations=6 (full 0):
 garbage-first heap   total 152576K, used 32271K [0x0000000080000000, 0x0000000100000000)
  region size 1024K, 6 young (6144K), 6 survivors (6144K)
 Metaspace       used 26824K, capacity 27594K, committed 27648K, reserved 1073152K
  class space    used 3536K, capacity 3806K, committed 3840K, reserved 1048576K
}
Event: 2.670 GC heap before
{Heap before GC invocations=6 (full 0):
 garbage-first heap   total 152576K, used 83471K [0x0000000080000000, 0x0000000100000000)
  region size 1024K, 57 young (58368K), 6 survivors (6144K)
 Metaspace       used 34832K, capacity 35727K, committed 35840K, reserved 1081344K
  class space    used 4555K, capacity 4899K, committed 4992K, reserved 1048576K
}
Event: 2.677 GC heap after
{Heap after GC invocations=7 (full 0):
 garbage-first heap   total 152576K, used 35432K [0x0000000080000000, 0x0000000100000000)
  region size 1024K, 9 young (9216K), 9 survivors (9216K)
 Metaspace       used 34832K, capacity 35727K, committed 35840K, reserved 1081344K
  class space    used 4555K, capacity 4899K, committed 4992K, reserved 1048576K
}
Event: 3.280 GC heap before
{Heap before GC invocations=8 (full 0):
 garbage-first heap   total 152576K, used 109160K [0x0000000080000000, 0x0000000100000000)
  region size 1024K, 79 young (80896K), 9 survivors (9216K)
 Metaspace       used 41700K, capacity 42825K, committed 43008K, reserved 1087488K
  class space    used 5375K, capacity 5774K, committed 5888K, reserved 1048576K
}
Event: 3.296 GC heap after
{Heap after GC invocations=9 (full 0):
 garbage-first heap   total 152576K, used 39473K [0x0000000080000000, 0x0000000100000000)
  region size 1024K, 8 young (8192K), 8 survivors (8192K)
 Metaspace       used 41700K, capacity 42825K, committed 43008K, reserved 1087488K
  class space    used 5375K, capacity 5774K, committed 5888K, reserved 1048576K
}
Event: 3.936 GC heap before
{Heap before GC invocations=10 (full 0):
 garbage-first heap   total 152576K, used 121393K [0x0000000080000000, 0x0000000100000000)
  region size 1024K, 79 young (80896K), 8 survivors (8192K)
 Metaspace       used 46215K, capacity 47467K, committed 47616K, reserved 1091584K
  class space    used 5882K, capacity 6329K, committed 6400K, reserved 1048576K
}
Event: 3.947 GC heap after
{Heap after GC invocations=11 (full 0):
 garbage-first heap   total 152576K, used 54206K [0x0000000080000000, 0x0000000100000000)
  region size 1024K, 10 young (10240K), 10 survivors (10240K)
 Metaspace       used 46215K, capacity 47467K, committed 47616K, reserved 1091584K
  class space    used 5882K, capacity 6329K, committed 6400K, reserved 1048576K
}
Event: 4.546 GC heap before
{Heap before GC invocations=11 (full 0):
 garbage-first heap   total 152576K, used 119742K [0x0000000080000000, 0x0000000100000000)
  region size 1024K, 73 young (74752K), 10 survivors (10240K)
 Metaspace       used 49618K, capacity 51066K, committed 51200K, reserved 1093632K
  class space    used 6344K, capacity 6816K, committed 6912K, reserved 1048576K
}
Event: 4.556 GC heap after
{Heap after GC invocations=12 (full 0):
 garbage-first heap   total 184320K, used 63455K [0x0000000080000000, 0x0000000100000000)
  region size 1024K, 7 young (7168K), 7 survivors (7168K)
 Metaspace       used 49618K, capacity 51066K, committed 51200K, reserved 1093632K
  class space    used 6344K, capacity 6816K, committed 6912K, reserved 1048576K
}
Event: 5.266 GC heap before
{Heap before GC invocations=12 (full 0):
 garbage-first heap   total 184320K, used 137183K [0x0000000080000000, 0x0000000100000000)
  region size 1024K, 77 young (78848K), 7 survivors (7168K)
 Metaspace       used 59026K, capacity 60711K, committed 60800K, reserved 1101824K
  class space    used 7478K, capacity 8064K, committed 8064K, reserved 1048576K
}
Event: 5.275 GC heap after
{Heap after GC invocations=13 (full 0):
 garbage-first heap   total 184320K, used 69904K [0x0000000080000000, 0x0000000100000000)
  region size 1024K, 5 young (5120K), 5 survivors (5120K)
 Metaspace       used 59026K, capacity 60711K, committed 60800K, reserved 1101824K
  class space    used 7478K, capacity 8064K, committed 8064K, reserved 1048576K
}
Event: 5.897 GC heap before
{Heap before GC invocations=13 (full 0):
 garbage-first heap   total 184320K, used 141584K [0x0000000080000000, 0x0000000100000000)
  region size 1024K, 75 young (76800K), 5 survivors (5120K)
 Metaspace       used 65901K, capacity 67617K, committed 67840K, reserved 1107968K
  class space    used 8357K, capacity 8946K, committed 8960K, reserved 1048576K
}
Event: 5.905 GC heap after
{Heap after GC invocations=14 (full 0):
 garbage-first heap   total 184320K, used 75775K [0x0000000080000000, 0x0000000100000000)
  region size 1024K, 10 young (10240K), 10 survivors (10240K)
 Metaspace       used 65901K, capacity 67617K, committed 67840K, reserved 1107968K
  class space    used 8357K, capacity 8946K, committed 8960K, reserved 1048576K
}

