# JRE version: OpenJDK Runtime Environment (11.0.10) (build 11.0.10+0-b96-7249189)
# Java VM: OpenJDK 64-Bit Server VM (11.0.10+0-b96-7249189, mixed mode, tiered, compressed oops, g1 gc, windows-amd64)
Heap:
 garbage-first heap   total 220160K, used 76800K [0x0000000080000000, 0x0000000100000000)
  region size 1024K, 2 young (2048K), 2 survivors (2048K)
 Metaspace       used 68733K, capacity 70504K, committed 70616K, reserved 1110016K
  class space    used 8811K, capacity 9421K, committed 9472K, reserved 1048576K
GC Heap History (20 events):
Event: 0.842 GC heap after
{Heap after GC invocations=3 (full 0):
 garbage-first heap   total 126976K, used 13155K [0x0000000080000000, 0x0000000100000000)
  region size 1024K, 4 young (4096K), 4 survivors (4096K)
 Metaspace       used 10792K, capacity 11067K, committed 11264K, reserved 1058816K
  class space    used 1125K, capacity 1206K, committed 1280K, reserved 1048576K
}
Event: 1.636 GC heap before
{Heap before GC invocations=3 (full 0):
 garbage-first heap   total 126976K, used 61283K [0x0000000080000000, 0x0000000100000000)
  region size 1024K, 51 young (52224K), 4 survivors (4096K)
 Metaspace       used 18922K, capacity 19288K, committed 19328K, reserved 1067008K
  class space    used 2279K, capacity 2414K, committed 2432K, reserved 1048576K
}
Event: 1.641 GC heap after
{Heap after GC invocations=4 (full 0):
 garbage-first heap   total 126976K, used 16335K [0x0000000080000000, 0x0000000100000000)
  region size 1024K, 7 young (7168K), 7 survivors (7168K)
 Metaspace       used 18922K, capacity 19288K, committed 19328K, reserved 1067008K
  class space    used 2279K, capacity 2414K, committed 2432K, reserved 1048576K
}
Event: 1.730 GC heap before
{Heap before GC invocations=4 (full 0):
 garbage-first heap   total 126976K, used 29647K [0x0000000080000000, 0x0000000100000000)
  region size 1024K, 21 young (21504K), 7 survivors (7168K)
 Metaspace       used 20578K, capacity 21117K, committed 21248K, reserved 1067008K
  class space    used 2512K, capacity 2731K, committed 2816K, reserved 1048576K
}
Event: 1.735 GC heap after
{Heap after GC invocations=5 (full 0):
 garbage-first heap   total 152576K, used 17382K [0x0000000080000000, 0x0000000100000000)
  region size 1024K, 5 young (5120K), 5 survivors (5120K)
 Metaspace       used 20578K, capacity 21117K, committed 21248K, reserved 1067008K
  class space    used 2512K, capacity 2731K, committed 2816K, reserved 1048576K
}
Event: 2.160 GC heap before
{Heap before GC invocations=6 (full 0):
 garbage-first heap   total 152576K, used 75750K [0x0000000080000000, 0x0000000100000000)
  region size 1024K, 57 young (58368K), 5 survivors (5120K)
 Metaspace       used 26017K, capacity 26677K, committed 26752K, reserved 1073152K
  class space    used 3412K, capacity 3649K, committed 3712K, reserved 1048576K
}
Event: 2.167 GC heap after
{Heap after GC invocations=7 (full 0):
 garbage-first heap   total 152576K, used 25566K [0x0000000080000000, 0x0000000100000000)
  region size 1024K, 4 young (4096K), 4 survivors (4096K)
 Metaspace       used 26017K, capacity 26677K, committed 26752K, reserved 1073152K
  class space    used 3412K, capacity 3649K, committed 3712K, reserved 1048576K
}
Event: 2.845 GC heap before
{Heap before GC invocations=7 (full 0):
 garbage-first heap   total 152576K, used 94174K [0x0000000080000000, 0x0000000100000000)
  region size 1024K, 67 young (68608K), 4 survivors (4096K)
 Metaspace       used 34837K, capacity 35727K, committed 35840K, reserved 1081344K
  class space    used 4559K, capacity 4899K, committed 4992K, reserved 1048576K
}
Event: 2.855 GC heap after
{Heap after GC invocations=8 (full 0):
 garbage-first heap   total 152576K, used 35217K [0x0000000080000000, 0x0000000100000000)
  region size 1024K, 9 young (9216K), 9 survivors (9216K)
 Metaspace       used 34837K, capacity 35727K, committed 35840K, reserved 1081344K
  class space    used 4559K, capacity 4899K, committed 4992K, reserved 1048576K
}
Event: 3.367 GC heap before
{Heap before GC invocations=9 (full 0):
 garbage-first heap   total 152576K, used 100753K [0x0000000080000000, 0x0000000100000000)
  region size 1024K, 70 young (71680K), 9 survivors (9216K)
 Metaspace       used 40966K, capacity 42001K, committed 42368K, reserved 1085440K
  class space    used 5266K, capacity 5647K, committed 5760K, reserved 1048576K
}
Event: 3.377 GC heap after
{Heap after GC invocations=10 (full 0):
 garbage-first heap   total 152576K, used 39142K [0x0000000080000000, 0x0000000100000000)
  region size 1024K, 9 young (9216K), 9 survivors (9216K)
 Metaspace       used 40966K, capacity 42001K, committed 42368K, reserved 1085440K
  class space    used 5266K, capacity 5647K, committed 5760K, reserved 1048576K
}
Event: 3.906 GC heap before
{Heap before GC invocations=11 (full 0):
 garbage-first heap   total 152576K, used 111846K [0x0000000080000000, 0x0000000100000000)
  region size 1024K, 72 young (73728K), 9 survivors (9216K)
 Metaspace       used 45153K, capacity 46288K, committed 46336K, reserved 1089536K
  class space    used 5711K, capacity 6128K, committed 6144K, reserved 1048576K
}
Event: 3.916 GC heap after
{Heap after GC invocations=12 (full 0):
 garbage-first heap   total 183296K, used 53177K [0x0000000080000000, 0x0000000100000000)
  region size 1024K, 9 young (9216K), 9 survivors (9216K)
 Metaspace       used 45153K, capacity 46288K, committed 46336K, reserved 1089536K
  class space    used 5711K, capacity 6128K, committed 6144K, reserved 1048576K
}
Event: 4.629 GC heap before
{Heap before GC invocations=12 (full 0):
 garbage-first heap   total 183296K, used 127929K [0x0000000080000000, 0x0000000100000000)
  region size 1024K, 82 young (83968K), 9 survivors (9216K)
 Metaspace       used 49526K, capacity 50921K, committed 51200K, reserved 1093632K
  class space    used 6333K, capacity 6810K, committed 6912K, reserved 1048576K
}
Event: 4.641 GC heap after
{Heap after GC invocations=13 (full 0):
 garbage-first heap   total 183296K, used 57344K [0x0000000080000000, 0x0000000100000000)
  region size 1024K, 4 young (4096K), 4 survivors (4096K)
 Metaspace       used 49526K, capacity 50921K, committed 51200K, reserved 1093632K
  class space    used 6333K, capacity 6810K, committed 6912K, reserved 1048576K
}
Event: 5.328 GC heap before
{Heap before GC invocations=13 (full 0):
 garbage-first heap   total 183296K, used 135168K [0x0000000080000000, 0x0000000100000000)
  region size 1024K, 77 young (78848K), 4 survivors (4096K)
 Metaspace       used 58874K, capacity 60485K, committed 60800K, reserved 1101824K
  class space    used 7444K, capacity 7989K, committed 8064K, reserved 1048576K
}
Event: 5.338 GC heap after
{Heap after GC invocations=14 (full 0):
 garbage-first heap   total 183296K, used 69292K [0x0000000080000000, 0x0000000100000000)
  region size 1024K, 10 young (10240K), 10 survivors (10240K)
 Metaspace       used 58874K, capacity 60485K, committed 60800K, reserved 1101824K
  class space    used 7444K, capacity 7989K, committed 8064K, reserved 1048576K
}
Event: 6.013 GC heap before
{Heap before GC invocations=14 (full 0):
 garbage-first heap   total 183296K, used 138924K [0x0000000080000000, 0x0000000100000000)
  region size 1024K, 78 young (79872K), 10 survivors (10240K)
 Metaspace       used 67048K, capacity 68795K, committed 68864K, reserved 1110016K
  class space    used 8577K, capacity 9150K, committed 9216K, reserved 1048576K
}
Event: 6.024 GC heap after
{Heap after GC invocations=15 (full 0):
 garbage-first heap   total 183296K, used 75104K [0x0000000080000000, 0x0000000100000000)
  region size 1024K, 6 young (6144K), 6 survivors (6144K)
 Metaspace       used 67048K, capacity 68795K, committed 68864K, reserved 1110016K
  class space    used 8577K, capacity 9150K, committed 9216K, reserved 1048576K
}
Event: 6.250 GC heap before
{Heap before GC invocations=15 (full 0):
 garbage-first heap   total 183296K, used 102752K [0x0000000080000000, 0x0000000100000000)
  region size 1024K, 34 young (34816K), 6 survivors (6144K)
 Metaspace       used 68733K, capacity 70504K, committed 70616K, reserved 1110016K
  class space    used 8811K, capacity 9421K, committed 9472K, reserved 1048576K
}

