# JRE version: OpenJDK Runtime Environment (11.0.10) (build 11.0.10+0-b96-7249189)
# Java VM: OpenJDK 64-Bit Server VM (11.0.10+0-b96-7249189, mixed mode, tiered, compressed oops, g1 gc, windows-amd64)
Heap:
 garbage-first heap   total 220160K, used 79097K [0x0000000080000000, 0x0000000100000000)
  region size 1024K, 8 young (8192K), 7 survivors (7168K)
 Metaspace       used 69488K, capacity 71429K, committed 71808K, reserved 1112064K
  class space    used 8803K, capacity 9475K, committed 9600K, reserved 1048576K
GC Heap History (20 events):
Event: 1.681 GC heap before
{Heap before GC invocations=3 (full 0):
 garbage-first heap   total 126976K, used 77659K [0x0000000080000000, 0x0000000100000000)
  region size 1024K, 68 young (69632K), 3 survivors (3072K)
 Metaspace       used 20563K, capacity 21085K, committed 21248K, reserved 1067008K
  class space    used 2513K, capacity 2699K, committed 2816K, reserved 1048576K
}
Event: 1.687 GC heap after
{Heap after GC invocations=4 (full 0):
 garbage-first heap   total 126976K, used 16930K [0x0000000080000000, 0x0000000100000000)
  region size 1024K, 9 young (9216K), 9 survivors (9216K)
 Metaspace       used 20563K, capacity 21085K, committed 21248K, reserved 1067008K
  class space    used 2513K, capacity 2699K, committed 2816K, reserved 1048576K
}
Event: 2.337 GC heap before
{Heap before GC invocations=5 (full 0):
 garbage-first heap   total 126976K, used 92706K [0x0000000080000000, 0x0000000100000000)
  region size 1024K, 73 young (74752K), 9 survivors (9216K)
 Metaspace       used 26875K, capacity 27626K, committed 27648K, reserved 1073152K
  class space    used 3548K, capacity 3838K, committed 3840K, reserved 1048576K
}
Event: 2.345 GC heap after
{Heap after GC invocations=6 (full 0):
 garbage-first heap   total 152576K, used 32330K [0x0000000080000000, 0x0000000100000000)
  region size 1024K, 5 young (5120K), 5 survivors (5120K)
 Metaspace       used 26875K, capacity 27626K, committed 27648K, reserved 1073152K
  class space    used 3548K, capacity 3838K, committed 3840K, reserved 1048576K
}
Event: 2.916 GC heap before
{Heap before GC invocations=6 (full 0):
 garbage-first heap   total 152576K, used 82506K [0x0000000080000000, 0x0000000100000000)
  region size 1024K, 55 young (56320K), 5 survivors (5120K)
 Metaspace       used 34848K, capacity 35727K, committed 35840K, reserved 1081344K
  class space    used 4562K, capacity 4899K, committed 4992K, reserved 1048576K
}
Event: 2.924 GC heap after
{Heap after GC invocations=7 (full 0):
 garbage-first heap   total 152576K, used 35262K [0x0000000080000000, 0x0000000100000000)
  region size 1024K, 8 young (8192K), 8 survivors (8192K)
 Metaspace       used 34848K, capacity 35727K, committed 35840K, reserved 1081344K
  class space    used 4562K, capacity 4899K, committed 4992K, reserved 1048576K
}
Event: 3.664 GC heap before
{Heap before GC invocations=8 (full 0):
 garbage-first heap   total 152576K, used 105918K [0x0000000080000000, 0x0000000100000000)
  region size 1024K, 75 young (76800K), 8 survivors (8192K)
 Metaspace       used 41531K, capacity 42607K, committed 42880K, reserved 1087488K
  class space    used 5339K, capacity 5700K, committed 5760K, reserved 1048576K
}
Event: 3.675 GC heap after
{Heap after GC invocations=9 (full 0):
 garbage-first heap   total 152576K, used 39634K [0x0000000080000000, 0x0000000100000000)
  region size 1024K, 8 young (8192K), 8 survivors (8192K)
 Metaspace       used 41531K, capacity 42607K, committed 42880K, reserved 1087488K
  class space    used 5339K, capacity 5700K, committed 5760K, reserved 1048576K
}
Event: 4.178 GC heap before
{Heap before GC invocations=10 (full 0):
 garbage-first heap   total 152576K, used 114386K [0x0000000080000000, 0x0000000100000000)
  region size 1024K, 76 young (77824K), 8 survivors (8192K)
 Metaspace       used 45002K, capacity 46157K, committed 46336K, reserved 1089536K
  class space    used 5875K, capacity 6288K, committed 6400K, reserved 1048576K
}
Event: 4.191 GC heap after
{Heap after GC invocations=11 (full 0):
 garbage-first heap   total 152576K, used 48345K [0x0000000080000000, 0x0000000100000000)
  region size 1024K, 8 young (8192K), 8 survivors (8192K)
 Metaspace       used 45002K, capacity 46157K, committed 46336K, reserved 1089536K
  class space    used 5875K, capacity 6288K, committed 6400K, reserved 1048576K
}
Event: 4.693 GC heap before
{Heap before GC invocations=11 (full 0):
 garbage-first heap   total 152576K, used 119001K [0x0000000080000000, 0x0000000100000000)
  region size 1024K, 74 young (75776K), 8 survivors (8192K)
 Metaspace       used 47328K, capacity 48541K, committed 48640K, reserved 1091584K
  class space    used 6125K, capacity 6585K, committed 6656K, reserved 1048576K
}
Event: 4.707 GC heap after
{Heap after GC invocations=12 (full 0):
 garbage-first heap   total 183296K, used 55578K [0x0000000080000000, 0x0000000100000000)
  region size 1024K, 9 young (9216K), 9 survivors (9216K)
 Metaspace       used 47328K, capacity 48541K, committed 48640K, reserved 1091584K
  class space    used 6125K, capacity 6585K, committed 6656K, reserved 1048576K
}
Event: 5.331 GC heap before
{Heap before GC invocations=12 (full 0):
 garbage-first heap   total 183296K, used 136474K [0x0000000080000000, 0x0000000100000000)
  region size 1024K, 88 young (90112K), 9 survivors (9216K)
 Metaspace       used 51709K, capacity 53144K, committed 53248K, reserved 1095680K
  class space    used 6607K, capacity 7108K, committed 7168K, reserved 1048576K
}
Event: 5.340 GC heap after
{Heap after GC invocations=13 (full 0):
 garbage-first heap   total 183296K, used 59452K [0x0000000080000000, 0x0000000100000000)
  region size 1024K, 8 young (8192K), 8 survivors (8192K)
 Metaspace       used 51709K, capacity 53144K, committed 53248K, reserved 1095680K
  class space    used 6607K, capacity 7108K, committed 7168K, reserved 1048576K
}
Event: 6.224 GC heap before
{Heap before GC invocations=13 (full 0):
 garbage-first heap   total 183296K, used 148540K [0x0000000080000000, 0x0000000100000000)
  region size 1024K, 92 young (94208K), 8 survivors (8192K)
 Metaspace       used 55411K, capacity 57044K, committed 57088K, reserved 1099776K
  class space    used 7105K, capacity 7653K, committed 7680K, reserved 1048576K
}
Event: 6.234 GC heap after
{Heap after GC invocations=14 (full 0):
 garbage-first heap   total 183296K, used 71517K [0x0000000080000000, 0x0000000100000000)
  region size 1024K, 12 young (12288K), 12 survivors (12288K)
 Metaspace       used 55411K, capacity 57044K, committed 57088K, reserved 1099776K
  class space    used 7105K, capacity 7653K, committed 7680K, reserved 1048576K
}
Event: 7.267 GC heap before
{Heap before GC invocations=14 (full 0):
 garbage-first heap   total 183296K, used 144221K [0x0000000080000000, 0x0000000100000000)
  region size 1024K, 83 young (84992K), 12 survivors (12288K)
 Metaspace       used 66063K, capacity 67959K, committed 68224K, reserved 1107968K
  class space    used 8400K, capacity 9070K, committed 9088K, reserved 1048576K
}
Event: 7.279 GC heap after
{Heap after GC invocations=15 (full 0):
 garbage-first heap   total 183296K, used 76052K [0x0000000080000000, 0x0000000100000000)
  region size 1024K, 4 young (4096K), 4 survivors (4096K)
 Metaspace       used 66063K, capacity 67959K, committed 68224K, reserved 1107968K
  class space    used 8400K, capacity 9070K, committed 9088K, reserved 1048576K
}
Event: 7.570 GC heap before
{Heap before GC invocations=15 (full 0):
 garbage-first heap   total 183296K, used 107796K [0x0000000080000000, 0x0000000100000000)
  region size 1024K, 37 young (37888K), 4 survivors (4096K)
 Metaspace       used 69437K, capacity 71396K, committed 71680K, reserved 1112064K
  class space    used 8797K, capacity 9443K, committed 9472K, reserved 1048576K
}
Event: 7.579 GC heap after
{Heap after GC invocations=16 (full 0):
 garbage-first heap   total 220160K, used 79097K [0x0000000080000000, 0x0000000100000000)
  region size 1024K, 7 young (7168K), 7 survivors (7168K)
 Metaspace       used 69437K, capacity 71396K, committed 71680K, reserved 1112064K
  class space    used 8797K, capacity 9443K, committed 9472K, reserved 1048576K
}

