# JRE version: OpenJDK Runtime Environment (11.0.10) (build 11.0.10+0-b96-7249189)
# Java VM: OpenJDK 64-Bit Server VM (11.0.10+0-b96-7249189, mixed mode, tiered, compressed oops, g1 gc, windows-amd64)
Heap:
 garbage-first heap   total 183296K, used 68286K [0x0000000080000000, 0x0000000100000000)
  region size 1024K, 2 young (2048K), 2 survivors (2048K)
 Metaspace       used 51383K, capacity 52826K, committed 52864K, reserved 1103872K
  class space    used 6570K, capacity 7038K, committed 7040K, reserved 1048576K
GC Heap History (20 events):
Event: 0.300 GC heap before
{Heap before GC invocations=0 (full 0):
 garbage-first heap   total 126976K, used 19456K [0x0000000080000000, 0x0000000100000000)
  region size 1024K, 14 young (14336K), 0 survivors (0K)
 Metaspace       used 6725K, capacity 6921K, committed 7168K, reserved 1056768K
  class space    used 582K, capacity 650K, committed 768K, reserved 1048576K
}
Event: 0.303 GC heap after
{Heap after GC invocations=1 (full 0):
 garbage-first heap   total 126976K, used 7761K [0x0000000080000000, 0x0000000100000000)
  region size 1024K, 2 young (2048K), 2 survivors (2048K)
 Metaspace       used 6725K, capacity 6921K, committed 7168K, reserved 1056768K
  class space    used 582K, capacity 650K, committed 768K, reserved 1048576K
}
Event: 0.496 GC heap before
{Heap before GC invocations=1 (full 0):
 garbage-first heap   total 126976K, used 20049K [0x0000000080000000, 0x0000000100000000)
  region size 1024K, 14 young (14336K), 2 survivors (2048K)
 Metaspace       used 9828K, capacity 10050K, committed 10112K, reserved 1058816K
  class space    used 1021K, capacity 1102K, committed 1152K, reserved 1048576K
}
Event: 0.498 GC heap after
{Heap after GC invocations=2 (full 0):
 garbage-first heap   total 126976K, used 9052K [0x0000000080000000, 0x0000000100000000)
  region size 1024K, 2 young (2048K), 2 survivors (2048K)
 Metaspace       used 9828K, capacity 10050K, committed 10112K, reserved 1058816K
  class space    used 1021K, capacity 1102K, committed 1152K, reserved 1048576K
}
Event: 0.750 GC heap before
{Heap before GC invocations=2 (full 0):
 garbage-first heap   total 126976K, used 39772K [0x0000000080000000, 0x0000000100000000)
  region size 1024K, 32 young (32768K), 2 survivors (2048K)
 Metaspace       used 10778K, capacity 11003K, committed 11264K, reserved 1058816K
  class space    used 1124K, capacity 1206K, committed 1280K, reserved 1048576K
}
Event: 0.753 GC heap after
{Heap after GC invocations=3 (full 0):
 garbage-first heap   total 126976K, used 12136K [0x0000000080000000, 0x0000000100000000)
  region size 1024K, 4 young (4096K), 4 survivors (4096K)
 Metaspace       used 10778K, capacity 11003K, committed 11264K, reserved 1058816K
  class space    used 1124K, capacity 1206K, committed 1280K, reserved 1048576K
}
Event: 1.637 GC heap before
{Heap before GC invocations=3 (full 0):
 garbage-first heap   total 126976K, used 74600K [0x0000000080000000, 0x0000000100000000)
  region size 1024K, 66 young (67584K), 4 survivors (4096K)
 Metaspace       used 20571K, capacity 21085K, committed 21248K, reserved 1067008K
  class space    used 2512K, capacity 2699K, committed 2816K, reserved 1048576K
}
Event: 1.643 GC heap after
{Heap after GC invocations=4 (full 0):
 garbage-first heap   total 126976K, used 16673K [0x0000000080000000, 0x0000000100000000)
  region size 1024K, 9 young (9216K), 9 survivors (9216K)
 Metaspace       used 20571K, capacity 21085K, committed 21248K, reserved 1067008K
  class space    used 2512K, capacity 2699K, committed 2816K, reserved 1048576K
}
Event: 2.146 GC heap before
{Heap before GC invocations=5 (full 0):
 garbage-first heap   total 126976K, used 91425K [0x0000000080000000, 0x0000000100000000)
  region size 1024K, 72 young (73728K), 9 survivors (9216K)
 Metaspace       used 26772K, capacity 27530K, committed 27648K, reserved 1073152K
  class space    used 3533K, capacity 3806K, committed 3840K, reserved 1048576K
}
Event: 2.154 GC heap after
{Heap after GC invocations=6 (full 0):
 garbage-first heap   total 152576K, used 32241K [0x0000000080000000, 0x0000000100000000)
  region size 1024K, 6 young (6144K), 6 survivors (6144K)
 Metaspace       used 26772K, capacity 27530K, committed 27648K, reserved 1073152K
  class space    used 3533K, capacity 3806K, committed 3840K, reserved 1048576K
}
Event: 2.663 GC heap before
{Heap before GC invocations=6 (full 0):
 garbage-first heap   total 152576K, used 83441K [0x0000000080000000, 0x0000000100000000)
  region size 1024K, 57 young (58368K), 6 survivors (6144K)
 Metaspace       used 34832K, capacity 35727K, committed 35840K, reserved 1081344K
  class space    used 4558K, capacity 4899K, committed 4992K, reserved 1048576K
}
Event: 2.670 GC heap after
{Heap after GC invocations=7 (full 0):
 garbage-first heap   total 152576K, used 35336K [0x0000000080000000, 0x0000000100000000)
  region size 1024K, 9 young (9216K), 9 survivors (9216K)
 Metaspace       used 34832K, capacity 35727K, committed 35840K, reserved 1081344K
  class space    used 4558K, capacity 4899K, committed 4992K, reserved 1048576K
}
Event: 3.229 GC heap before
{Heap before GC invocations=8 (full 0):
 garbage-first heap   total 152576K, used 110088K [0x0000000080000000, 0x0000000100000000)
  region size 1024K, 80 young (81920K), 9 survivors (9216K)
 Metaspace       used 41704K, capacity 42828K, committed 43008K, reserved 1087488K
  class space    used 5377K, capacity 5775K, committed 5888K, reserved 1048576K
}
Event: 3.240 GC heap after
{Heap after GC invocations=9 (full 0):
 garbage-first heap   total 152576K, used 39589K [0x0000000080000000, 0x0000000100000000)
  region size 1024K, 8 young (8192K), 8 survivors (8192K)
 Metaspace       used 41704K, capacity 42828K, committed 43008K, reserved 1087488K
  class space    used 5377K, capacity 5775K, committed 5888K, reserved 1048576K
}
Event: 3.817 GC heap before
{Heap before GC invocations=10 (full 0):
 garbage-first heap   total 152576K, used 120485K [0x0000000080000000, 0x0000000100000000)
  region size 1024K, 79 young (80896K), 8 survivors (8192K)
 Metaspace       used 46209K, capacity 47472K, committed 47616K, reserved 1091584K
  class space    used 5884K, capacity 6329K, committed 6400K, reserved 1048576K
}
Event: 3.829 GC heap after
{Heap after GC invocations=11 (full 0):
 garbage-first heap   total 152576K, used 54005K [0x0000000080000000, 0x0000000100000000)
  region size 1024K, 10 young (10240K), 10 survivors (10240K)
 Metaspace       used 46209K, capacity 47472K, committed 47616K, reserved 1091584K
  class space    used 5884K, capacity 6329K, committed 6400K, reserved 1048576K
}
Event: 4.443 GC heap before
{Heap before GC invocations=11 (full 0):
 garbage-first heap   total 152576K, used 122613K [0x0000000080000000, 0x0000000100000000)
  region size 1024K, 74 young (75776K), 10 survivors (10240K)
 Metaspace       used 49594K, capacity 51001K, committed 51200K, reserved 1093632K
  class space    used 6343K, capacity 6814K, committed 6912K, reserved 1048576K
}
Event: 4.455 GC heap after
{Heap after GC invocations=12 (full 0):
 garbage-first heap   total 183296K, used 66325K [0x0000000080000000, 0x0000000100000000)
  region size 1024K, 8 young (8192K), 8 survivors (8192K)
 Metaspace       used 49594K, capacity 51001K, committed 51200K, reserved 1093632K
  class space    used 6343K, capacity 6814K, committed 6912K, reserved 1048576K
}
Event: 4.624 GC heap before
{Heap before GC invocations=12 (full 0):
 garbage-first heap   total 183296K, used 83733K [0x0000000080000000, 0x0000000100000000)
  region size 1024K, 26 young (26624K), 8 survivors (8192K)
 Metaspace       used 51383K, capacity 52826K, committed 52864K, reserved 1101824K
  class space    used 6570K, capacity 7038K, committed 7040K, reserved 1048576K
}
Event: 4.632 GC heap after
{Heap after GC invocations=13 (full 0):
 garbage-first heap   total 183296K, used 68286K [0x0000000080000000, 0x0000000100000000)
  region size 1024K, 2 young (2048K), 2 survivors (2048K)
 Metaspace       used 51383K, capacity 52826K, committed 52864K, reserved 1101824K
  class space    used 6570K, capacity 7038K, committed 7040K, reserved 1048576K
}

